SmartLocation/build/intermediates/manifest_merge_blame_file/release/manifest-merger-blame-release-report.txt
1<?xml version="1.0" encoding="utf-8"?>
2<manifest xmlns:android="http://schemas.android.com/apk/res/android"
3    xmlns:tools="http://schemas.android.com/tools"
4    package="io.nlopez.smartlocation" >
5
6    <uses-sdk
7        android:minSdkVersion="14"
7-->src/main/AndroidManifest.xml
8        android:targetSdkVersion="31" />
8-->src/main/AndroidManifest.xml
9
10    <uses-permission android:name="android.permission.ACCESS_COARSE_LOCATION" />
10-->src/main/AndroidManifest.xml:7:5-81
10-->src/main/AndroidManifest.xml:7:22-78
11    <uses-permission android:name="android.permission.ACCESS_NETWORK_STATE" />
11-->src/main/AndroidManifest.xml:8:5-79
11-->src/main/AndroidManifest.xml:8:22-76
12    <uses-permission android:name="android.permission.ACCESS_FINE_LOCATION" />
12-->src/main/AndroidManifest.xml:9:5-79
12-->src/main/AndroidManifest.xml:9:22-76
13    <uses-permission android:name="com.google.android.providers.gsf.permission.READ_GSERVICES" />
13-->src/main/AndroidManifest.xml:10:5-98
13-->src/main/AndroidManifest.xml:10:22-95
14    <uses-permission android:name="com.google.android.gms.permission.ACTIVITY_RECOGNITION" />
14-->src/main/AndroidManifest.xml:11:5-94
14-->src/main/AndroidManifest.xml:11:22-91
15
16    <application>
16-->src/main/AndroidManifest.xml:13:5-23:19
17        <service
17-->src/main/AndroidManifest.xml:14:9-16:40
18            android:name="io.nlopez.smartlocation.activity.providers.ActivityGooglePlayServicesProvider$ActivityRecognitionService"
18-->src/main/AndroidManifest.xml:15:13-109
19            android:exported="false" />
19-->src/main/AndroidManifest.xml:16:13-37
20        <service
20-->src/main/AndroidManifest.xml:17:9-19:40
21            android:name="io.nlopez.smartlocation.geofencing.providers.GeofencingGooglePlayServicesProvider$GeofencingService"
21-->src/main/AndroidManifest.xml:18:13-104
22            android:exported="false" />
22-->src/main/AndroidManifest.xml:19:13-37
23        <service
23-->src/main/AndroidManifest.xml:20:9-22:40
24            android:name="io.nlopez.smartlocation.geocoding.providers.AndroidGeocodingProvider$AndroidGeocodingService"
24-->src/main/AndroidManifest.xml:21:13-97
25            android:exported="false" />
25-->src/main/AndroidManifest.xml:22:13-37
26    </application>
27
28</manifest>